<?xml version="1.0" encoding="UTF-8"?>
<!-- Generated by org.testng.reporters.JUnitXMLReporter -->
<testsuite ignored="0" hostname="DESKTOP-221H5FN" failures="0" tests="12" name="ChromeTests" time="0.127" errors="0" timestamp="2025-07-16T12:24:23 IST">
  <testcase classname="testBase.BaseClass" name="@BeforeClass setup" time="-1.752648863291E9">
    <failure type="org.testng.TestNGException" message="
Parameter &amp;apos;os&amp;apos; is required by BeforeClass on method setup but has not been marked @Optional or defined
in C:\Users\PearlSoft LT-125.DESKTOP-221H5FN\eclipse-workspace\Epass_Automation\parallelTesting.xml">
      <![CDATA[org.testng.TestNGException: 
Parameter 'os' is required by BeforeClass on method setup but has not been marked @Optional or defined
in C:\Users\PearlSoft LT-125.DESKTOP-221H5FN\eclipse-workspace\Epass_Automation\parallelTesting.xml
at java.base/java.util.ArrayList.forEach(ArrayList.java:1596)
at java.base/java.util.concurrent.FutureTask.run(FutureTask.java:317)
at java.base/java.util.concurrent.ThreadPoolExecutor.runWorker(ThreadPoolExecutor.java:1144)
at java.base/java.util.concurrent.ThreadPoolExecutor$Worker.run(ThreadPoolExecutor.java:642)
at java.base/java.lang.Thread.run(Thread.java:1583)
... Removed 12 stack frames]]>
    </failure>
  </testcase> <!-- @BeforeClass setup -->
  <testcase classname="testBase.BaseClass" name="@BeforeClass setup" time="-1.752648863343E9">
    <failure type="org.testng.TestNGException" message="
Parameter &amp;apos;os&amp;apos; is required by BeforeClass on method setup but has not been marked @Optional or defined
in C:\Users\PearlSoft LT-125.DESKTOP-221H5FN\eclipse-workspace\Epass_Automation\parallelTesting.xml">
      <![CDATA[org.testng.TestNGException: 
Parameter 'os' is required by BeforeClass on method setup but has not been marked @Optional or defined
in C:\Users\PearlSoft LT-125.DESKTOP-221H5FN\eclipse-workspace\Epass_Automation\parallelTesting.xml
at java.base/java.util.ArrayList.forEach(ArrayList.java:1596)
at java.base/java.util.concurrent.FutureTask.run(FutureTask.java:317)
at java.base/java.util.concurrent.ThreadPoolExecutor.runWorker(ThreadPoolExecutor.java:1144)
at java.base/java.util.concurrent.ThreadPoolExecutor$Worker.run(ThreadPoolExecutor.java:642)
at java.base/java.lang.Thread.run(Thread.java:1583)
... Removed 12 stack frames]]>
    </failure>
  </testcase> <!-- @BeforeClass setup -->
  <testcase classname="testBase.BaseClass" name="@AfterClass tearDown" time="0.0">
    <skipped/>
  </testcase> <!-- @AfterClass tearDown -->
  <testcase classname="testBase.BaseClass" name="@AfterClass tearDown" time="0.0">
    <skipped/>
  </testcase> <!-- @AfterClass tearDown -->
  <testcase classname="testCases.ForgotPassword_Testcases" name="forgotpassword_redirection" time="0.0">
    <skipped/>
  </testcase> <!-- forgotpassword_redirection -->
  <testcase classname="testCases.LoginPage_Testcases" name="validation_login" time="0.0">
    <skipped/>
  </testcase> <!-- validation_login -->
  <testcase classname="testCases.ForgotPassword_Testcases" name="email_Id_required_validation" time="0.001">
    <skipped/>
  </testcase> <!-- email_Id_required_validation -->
  <testcase classname="testCases.LoginPage_Testcases" name="login_page_with_invalid_details" time="0.0">
    <skipped/>
  </testcase> <!-- login_page_with_invalid_details -->
  <testcase classname="testCases.ForgotPassword_Testcases" name="email_Id_validation" time="0.0">
    <skipped/>
  </testcase> <!-- email_Id_validation -->
  <testcase classname="testCases.LoginPage_Testcases" name="login_page_with_invalid_username" time="0.0">
    <skipped/>
  </testcase> <!-- login_page_with_invalid_username -->
  <testcase classname="testCases.ForgotPassword_Testcases" name="forgotpassword_notregisteredemail" time="0.0">
    <skipped/>
  </testcase> <!-- forgotpassword_notregisteredemail -->
  <testcase classname="testCases.LoginPage_Testcases" name="login_page_with_invalid_password" time="0.0">
    <skipped/>
  </testcase> <!-- login_page_with_invalid_password -->
  <testcase classname="testCases.ForgotPassword_Testcases" name="forgotpassword_submit" time="0.0">
    <skipped/>
  </testcase> <!-- forgotpassword_submit -->
  <testcase classname="testCases.LoginPage_Testcases" name="login_page_with_valid_inputs" time="0.001">
    <skipped/>
  </testcase> <!-- login_page_with_valid_inputs -->
  <testcase classname="testCases.ForgotPassword_Testcases" name="forgotpassword_backtologin" time="0.0">
    <skipped/>
  </testcase> <!-- forgotpassword_backtologin -->
  <testcase classname="testCases.LoginPage_Testcases" name="logout_page" time="0.0">
    <skipped/>
  </testcase> <!-- logout_page -->
</testsuite> <!-- ChromeTests -->
