<?xml version="1.0" encoding="UTF-8"?>
<!-- Generated by org.testng.reporters.JUnitXMLReporter -->
<testsuite ignored="0" hostname="DESKTOP-221H5FN" failures="0" tests="12" name="EdgeTests" time="0.184" errors="0" timestamp="2025-07-16T12:23:50 IST">
  <testcase classname="testCases.ForgotPassword_Testcases" name="forgotpassword_redirection" time="0.001">
    <skipped/>
  </testcase> <!-- forgotpassword_redirection -->
  <testcase classname="testCases.LoginPage_Testcases" name="validation_login" time="0.0">
    <skipped/>
  </testcase> <!-- validation_login -->
  <testcase classname="testCases.ForgotPassword_Testcases" name="email_Id_required_validation" time="0.0">
    <skipped/>
  </testcase> <!-- email_Id_required_validation -->
  <testcase classname="testCases.LoginPage_Testcases" name="login_page_with_invalid_details" time="0.0">
    <skipped/>
  </testcase> <!-- login_page_with_invalid_details -->
  <testcase classname="testCases.ForgotPassword_Testcases" name="email_Id_validation" time="0.0">
    <skipped/>
  </testcase> <!-- email_Id_validation -->
  <testcase classname="testCases.LoginPage_Testcases" name="login_page_with_invalid_username" time="0.0">
    <skipped/>
  </testcase> <!-- login_page_with_invalid_username -->
  <testcase classname="testCases.ForgotPassword_Testcases" name="forgotpassword_notregisteredemail" time="0.0">
    <skipped/>
  </testcase> <!-- forgotpassword_notregisteredemail -->
  <testcase classname="testCases.LoginPage_Testcases" name="login_page_with_invalid_password" time="0.0">
    <skipped/>
  </testcase> <!-- login_page_with_invalid_password -->
  <testcase classname="testCases.ForgotPassword_Testcases" name="forgotpassword_submit" time="0.0">
    <skipped/>
  </testcase> <!-- forgotpassword_submit -->
  <testcase classname="testCases.LoginPage_Testcases" name="login_page_with_valid_inputs" time="0.0">
    <skipped/>
  </testcase> <!-- login_page_with_valid_inputs -->
  <testcase classname="testCases.ForgotPassword_Testcases" name="forgotpassword_backtologin" time="0.0">
    <skipped/>
  </testcase> <!-- forgotpassword_backtologin -->
  <testcase classname="testCases.LoginPage_Testcases" name="logout_page" time="0.0">
    <skipped/>
  </testcase> <!-- logout_page -->
</testsuite> <!-- EdgeTests -->
