<?xml version="1.0" encoding="UTF-8"?>
<!-- Generated by org.testng.reporters.JUnitXMLReporter -->
<testsuite ignored="0" hostname="DESKTOP-221H5FN" failures="0" tests="6" name="ExcelDrivenTests" time="42.34" errors="0" timestamp="2025-08-12T17:22:09 IST">
  <testcase classname="testCases.LoginPage_Testcases" name="validation_login" time="4.593"/>
  <testcase classname="testCases.LoginPage_Testcases" name="login_page_with_invalid_details" time="4.553"/>
  <testcase classname="testCases.LoginPage_Testcases" name="login_page_with_invalid_username" time="4.587"/>
  <testcase classname="testCases.LoginPage_Testcases" name="login_page_with_invalid_password" time="4.435"/>
  <testcase classname="testCases.LoginPage_Testcases" name="login_page_with_valid_inputs" time="14.49"/>
  <testcase classname="testCases.LoginPage_Testcases" name="logout_page" time="0.335"/>
</testsuite> <!-- ExcelDrivenTests -->
