<?xml version="1.0" encoding="UTF-8"?>
<!-- Generated by org.testng.reporters.JUnitReportReporter -->
<testsuite hostname="DESKTOP-221H5FN" failures="0" tests="2" name="testCases.Regression_TestCases" time="158.059" errors="0" timestamp="2025-08-14T11:39:54 IST" skipped="0">
  <testcase classname="testCases.Regression_TestCases" name="verify_Park" time="127.974"/>
  <testcase classname="testCases.Regression_TestCases" name="verify_ParkAdmin" time="30.085"/>
</testsuite> <!-- testCases.Regression_TestCases -->
