<?xml version="1.0" encoding="UTF-8"?>
<!-- Generated by org.testng.reporters.JUnitReportReporter -->
<testsuite hostname="DESKTOP-221H5FN" failures="0" tests="2" name="testCases.EditDeletePark_Testcases" time="20.318" errors="0" timestamp="2025-08-13T14:27:52 IST" skipped="0">
  <testcase classname="testCases.EditDeletePark_Testcases" name="login" time="18.908"/>
  <testcase classname="testCases.EditDeletePark_Testcases" name="deleteCreatedPark" time="1.410"/>
</testsuite> <!-- testCases.EditDeletePark_Testcases -->
