<?xml version="1.0" encoding="UTF-8"?>
<!-- Generated by org.testng.reporters.JUnitReportReporter -->
<testsuite hostname="DESKTOP-221H5FN" failures="0" tests="12" name="testCases.CreateCompany_TestCases" time="80.476" errors="0" timestamp="2025-08-13T14:27:52 IST" skipped="0">
  <testcase classname="testCases.CreateCompany_TestCases" name="successful_company_creation" time="11.674"/>
  <testcase classname="testCases.CreateCompany_TestCases" name="blank_field_validations_for_company_creation" time="6.618"/>
  <testcase classname="testCases.CreateCompany_TestCases" name="username_field_validations_for_company_creation" time="0.481"/>
  <testcase classname="testCases.CreateCompany_TestCases" name="creation_with_invalid_password" time="0.402"/>
  <testcase classname="testCases.CreateCompany_TestCases" name="creation_with_invalid_contact_name" time="0.210"/>
  <testcase classname="testCases.CreateCompany_TestCases" name="creation_with_invalid_mail_id" time="0.226"/>
  <testcase classname="testCases.CreateCompany_TestCases" name="creation_with_invalid_alternate_email" time="4.278"/>
  <testcase classname="testCases.CreateCompany_TestCases" name="creation_with_invalid_contact_number" time="0.374"/>
  <testcase classname="testCases.CreateCompany_TestCases" name="creation_of_valid_Company_details" time="17.727"/>
  <testcase classname="testCases.CreateCompany_TestCases" name="already_existing_username" time="14.376"/>
  <testcase classname="testCases.CreateCompany_TestCases" name="already_existing_email" time="11.949"/>
  <testcase classname="testCases.CreateCompany_TestCases" name="already_existing_company_name" time="12.161"/>
</testsuite> <!-- testCases.CreateCompany_TestCases -->
