<?xml version="1.0" encoding="UTF-8"?>
<!-- Generated by org.testng.reporters.JUnitReportReporter -->
<testsuite hostname="DESKTOP-221H5FN" failures="0" tests="9" name="testCases.PhaseViewPage_Testcases" time="41.902" errors="0" timestamp="2025-08-13T14:27:52 IST" skipped="0">
  <testcase classname="testCases.PhaseViewPage_Testcases" name="verifyLogin" time="16.078"/>
  <testcase classname="testCases.PhaseViewPage_Testcases" name="verifyPhaseViewPageDisplaysCorrectDetails" time="0.069"/>
  <testcase classname="testCases.PhaseViewPage_Testcases" name="verifyPhaseEditIconOpensEditPage" time="1.386"/>
  <testcase classname="testCases.PhaseViewPage_Testcases" name="verifyMandatoryCheckForPhaseNameWhileEditing" time="13.511"/>
  <testcase classname="testCases.PhaseViewPage_Testcases" name="verifyErrorOnEditingPhaseWithExistingName" time="1.347"/>
  <testcase classname="testCases.PhaseViewPage_Testcases" name="verifySuccessfulEditOfPhaseDetails" time="5.232"/>
  <testcase classname="testCases.PhaseViewPage_Testcases" name="verifyUpdatedPhaseNameIsDisplayedOnViewPage" time="1.396"/>
  <testcase classname="testCases.PhaseViewPage_Testcases" name="verifyCancelPhaseDeletion" time="1.535"/>
  <testcase classname="testCases.PhaseViewPage_Testcases" name="verifySuccessfulPhaseDeletion" time="1.348"/>
</testsuite> <!-- testCases.PhaseViewPage_Testcases -->
