<?xml version="1.0" encoding="UTF-8"?>
<!-- Generated by org.testng.reporters.JUnitReportReporter -->
<testsuite hostname="DESKTOP-D9ML0T2" failures="0" tests="3" name="testCases.TC_001_LoginPage" time="17.884" errors="0" timestamp="2024-10-02T20:01:27 IST" skipped="0">
  <testcase classname="testCases.TC_001_LoginPage" name="login_page_with_invalid_username" time="6.502"/>
  <system-out/>
  <testcase classname="testCases.TC_001_LoginPage" name="login_page_with_invalid_password" time="5.615"/>
  <system-out/>
  <testcase classname="testCases.TC_001_LoginPage" name="login_page_with_valid_inputs" time="5.767"/>
  <system-out/>
</testsuite> <!-- testCases.TC_001_LoginPage -->
