<?xml version="1.0" encoding="UTF-8"?>
<!-- Generated by org.testng.reporters.JUnitReportReporter -->
<testsuite hostname="DESKTOP-221H5FN" failures="0" tests="17" name="testCases.CreateParkAdmin_Testcases" time="23.314" errors="0" timestamp="2025-08-13T14:27:52 IST" skipped="0">
  <testcase classname="testCases.CreateParkAdmin_Testcases" name="navigateTo_CreateParkAdminPage" time="7.418"/>
  <testcase classname="testCases.CreateParkAdmin_Testcases" name="defaultDropdownValue_For_ParkAdmin_displayed" time="0.914"/>
  <testcase classname="testCases.CreateParkAdmin_Testcases" name="CreateParkAdmin_Blank_inputValues" time="1.795"/>
  <testcase classname="testCases.CreateParkAdmin_Testcases" name="CreateParkAdmin_Username_StartsWith_Number" time="0.198"/>
  <testcase classname="testCases.CreateParkAdmin_Testcases" name="CreateParkAdmin_with_specialCharacters_inUsername" time="0.175"/>
  <testcase classname="testCases.CreateParkAdmin_Testcases" name="CreateParkAdmin_with_PasswordLength_lessThanEight" time="0.185"/>
  <testcase classname="testCases.CreateParkAdmin_Testcases" name="CreateParkAdmin_with_InvalidPassword" time="0.157"/>
  <testcase classname="testCases.CreateParkAdmin_Testcases" name="CreateParkAdmin_with_Password_and_ConfirmPassword_not_matching" time="0.336"/>
  <testcase classname="testCases.CreateParkAdmin_Testcases" name="CreateParkAdmin_with_specialCharacters_inContactName" time="0.211"/>
  <testcase classname="testCases.CreateParkAdmin_Testcases" name="CreateParkAdmin_with_invalidEmail" time="0.213"/>
  <testcase classname="testCases.CreateParkAdmin_Testcases" name="CreateParkAdmin_with_invalidAlternateEmail" time="0.196"/>
  <testcase classname="testCases.CreateParkAdmin_Testcases" name="CreateParkAdmin_with_nonNumericContactNumber" time="0.196"/>
  <testcase classname="testCases.CreateParkAdmin_Testcases" name="CreateParkAdmin_with_lessThanTenNumericContactNumber" time="0.164"/>
  <testcase classname="testCases.CreateParkAdmin_Testcases" name="CreateParkAdmin_with_ContinuousSequenceOfTenSameNumbers" time="0.170"/>
  <testcase classname="testCases.CreateParkAdmin_Testcases" name="CreateParkAdmin_with_ValidInputValues" time="4.701"/>
  <testcase classname="testCases.CreateParkAdmin_Testcases" name="CreateParkAdmin_with_ExistingUsername" time="4.217"/>
  <testcase classname="testCases.CreateParkAdmin_Testcases" name="CreateParkAdmin_with_ExistingEmail" time="2.068"/>
</testsuite> <!-- testCases.CreateParkAdmin_Testcases -->
