<?xml version="1.0" encoding="UTF-8"?>
<!-- Generated by org.testng.reporters.JUnitReportReporter -->
<testsuite hostname="DESKTOP-221H5FN" failures="0" tests="6" name="testCases.LoginPage_Testcases" time="33.090" errors="0" timestamp="2025-08-13T14:27:52 IST" skipped="0">
  <testcase classname="testCases.LoginPage_Testcases" name="validation_login" time="4.715"/>
  <testcase classname="testCases.LoginPage_Testcases" name="login_page_with_invalid_details" time="4.572"/>
  <testcase classname="testCases.LoginPage_Testcases" name="login_page_with_invalid_username" time="4.551"/>
  <testcase classname="testCases.LoginPage_Testcases" name="login_page_with_invalid_password" time="4.477"/>
  <testcase classname="testCases.LoginPage_Testcases" name="login_page_with_valid_inputs" time="14.528"/>
  <testcase classname="testCases.LoginPage_Testcases" name="logout_page" time="0.247"/>
</testsuite> <!-- testCases.LoginPage_Testcases -->
