<?xml version="1.0" encoding="UTF-8"?>
<!-- Generated by org.testng.reporters.JUnitReportReporter -->
<testsuite hostname="DESKTOP-221H5FN" failures="0" tests="7" name="testCases.PhaseAdminChangePasswordScreen_Testcases" time="20.968" errors="0" timestamp="2025-08-13T14:27:52 IST" skipped="0">
  <testcase classname="testCases.PhaseAdminChangePasswordScreen_Testcases" name="Blankfields_in_PhaseAdmin_ChangePassword_Screen" time="4.697"/>
  <testcase classname="testCases.PhaseAdminChangePasswordScreen_Testcases" name="NewPasswordFieldValidation" time="0.295"/>
  <testcase classname="testCases.PhaseAdminChangePasswordScreen_Testcases" name="NonMatchingPasswordsValidation" time="0.456"/>
  <testcase classname="testCases.PhaseAdminChangePasswordScreen_Testcases" name="CurrentPasswordFieldValidation" time="1.055"/>
  <testcase classname="testCases.PhaseAdminChangePasswordScreen_Testcases" name="SameOldPasswordAsNewPassword" time="1.102"/>
  <testcase classname="testCases.PhaseAdminChangePasswordScreen_Testcases" name="SuccessfulChangeOfPassword" time="1.865"/>
  <testcase classname="testCases.PhaseAdminChangePasswordScreen_Testcases" name="SuccessfulLoginWithNewPassword" time="11.498"/>
</testsuite> <!-- testCases.PhaseAdminChangePasswordScreen_Testcases -->
