<?xml version="1.0" encoding="UTF-8"?>
<!-- Generated by org.testng.reporters.JUnitReportReporter -->
<testsuite hostname="DESKTOP-221H5FN" failures="0" tests="10" name="testCases.PhaseAdminCreation_Testcases" time="45.444" errors="0" timestamp="2025-08-13T14:27:52 IST" skipped="0">
  <testcase classname="testCases.PhaseAdminCreation_Testcases" name="mandatory_fields_for_phase_admin_creation" time="13.236"/>
  <testcase classname="testCases.PhaseAdminCreation_Testcases" name="creation_with_invalid_mail_id" time="0.329"/>
  <testcase classname="testCases.PhaseAdminCreation_Testcases" name="creation_with_invalid_alternate_email" time="0.275"/>
  <testcase classname="testCases.PhaseAdminCreation_Testcases" name="creation_with_invalid_contact_number" time="0.466"/>
  <testcase classname="testCases.PhaseAdminCreation_Testcases" name="creation_with_invalid_contact_name" time="0.294"/>
  <testcase classname="testCases.PhaseAdminCreation_Testcases" name="creation_with_invalid_username" time="2.211"/>
  <testcase classname="testCases.PhaseAdminCreation_Testcases" name="creation_with_invalid_password" time="0.195"/>
  <testcase classname="testCases.PhaseAdminCreation_Testcases" name="valid_phase_admin_creation" time="13.491"/>
  <testcase classname="testCases.PhaseAdminCreation_Testcases" name="creation_with_already_existing_username" time="4.367"/>
  <testcase classname="testCases.PhaseAdminCreation_Testcases" name="creation_with_already_existing_email" time="10.580"/>
</testsuite> <!-- testCases.PhaseAdminCreation_Testcases -->
