<?xml version="1.0" encoding="UTF-8"?>
<!-- Generated by org.testng.reporters.JUnitReportReporter -->
<testsuite hostname="DESKTOP-221H5FN" failures="0" tests="8" name="testCases.ParkCretion_Testcases" time="51.317" errors="0" timestamp="2025-08-13T14:27:52 IST" skipped="0">
  <testcase classname="testCases.ParkCretion_Testcases" name="verify_Park_Creation_blankvalues" time="19.049"/>
  <testcase classname="testCases.ParkCretion_Testcases" name="verify_Park_Creation_invalidvalues" time="5.047"/>
  <testcase classname="testCases.ParkCretion_Testcases" name="verify_Park_Creation_valid_values" time="5.292"/>
  <testcase classname="testCases.ParkCretion_Testcases" name="verifyparkNameInListAfterCreation" time="0.074"/>
  <testcase classname="testCases.ParkCretion_Testcases" name="verify_Park_Creation_samename" time="10.521"/>
  <testcase classname="testCases.ParkCretion_Testcases" name="verifyHeaderTextIsDisplayed" time="4.082"/>
  <testcase classname="testCases.ParkCretion_Testcases" name="verify_Park_CreationGoBack" time="7.225"/>
  <testcase classname="testCases.ParkCretion_Testcases" name="verifyLogoIsDisplayed" time="0.027"/>
</testsuite> <!-- testCases.ParkCretion_Testcases -->
