<?xml version="1.0" encoding="UTF-8"?>
<!-- Generated by org.testng.reporters.JUnitReportReporter -->
<testsuite hostname="DESKTOP-221H5FN" failures="0" tests="12" name="testCases.EditNDeleteParkAdminPage_Testcases" time="45.659" errors="0" timestamp="2025-08-13T14:27:52 IST" skipped="0">
  <testcase classname="testCases.EditNDeleteParkAdminPage_Testcases" name="navigateTo_EditParkAdmin_ByClickingOn_EditIcon" time="21.058"/>
  <testcase classname="testCases.EditNDeleteParkAdminPage_Testcases" name="defaultDropdownValue_displayed" time="0.818"/>
  <testcase classname="testCases.EditNDeleteParkAdminPage_Testcases" name="UpdateParkAdmin_Blank_inputValues" time="0.586"/>
  <testcase classname="testCases.EditNDeleteParkAdminPage_Testcases" name="UpdateParkAdmin_with_specialCharacters_inContactName" time="0.180"/>
  <testcase classname="testCases.EditNDeleteParkAdminPage_Testcases" name="UpdateParkAdmin_with_invalidEmail" time="0.179"/>
  <testcase classname="testCases.EditNDeleteParkAdminPage_Testcases" name="UpdateParkAdmin_with_invalidAlternateEmail" time="0.202"/>
  <testcase classname="testCases.EditNDeleteParkAdminPage_Testcases" name="UpdateParkAdmin_with_nonNumericContactNumber" time="0.195"/>
  <testcase classname="testCases.EditNDeleteParkAdminPage_Testcases" name="UpdateParkAdmin_with_contactNumberLessThanTen" time="0.196"/>
  <testcase classname="testCases.EditNDeleteParkAdminPage_Testcases" name="UpdateParkAdmin_with_contactNumberSequence" time="0.194"/>
  <testcase classname="testCases.EditNDeleteParkAdminPage_Testcases" name="UpdateParkAdmin_with_existingEmail" time="2.819"/>
  <testcase classname="testCases.EditNDeleteParkAdminPage_Testcases" name="UpdateParkAdmin_with_validInputValues" time="1.634"/>
  <testcase classname="testCases.EditNDeleteParkAdminPage_Testcases" name="Delete_ParkAdmin" time="17.598"/>
</testsuite> <!-- testCases.EditNDeleteParkAdminPage_Testcases -->
