<?xml version="1.0" encoding="UTF-8"?>
<!-- Generated by org.testng.reporters.JUnitReportReporter -->
<testsuite hostname="DESKTOP-221H5FN" failures="0" tests="12" name="testCases.EditNDeleteGate_Testcases" time="30.933" errors="0" timestamp="2025-08-13T14:27:52 IST" skipped="0">
  <testcase classname="testCases.EditNDeleteGate_Testcases" name="LoginIntoEpass_AndNavigateTo_AllGatesPage" time="9.968"/>
  <testcase classname="testCases.EditNDeleteGate_Testcases" name="CreateNewGate_andNavigateTo_EditGatePage_ByClickingOn_EditIcon" time="7.147"/>
  <testcase classname="testCases.EditNDeleteGate_Testcases" name="Verify_validation_with_Blank_inputValuesIn_EditGatePage" time="0.561"/>
  <testcase classname="testCases.EditNDeleteGate_Testcases" name="Verify_editGateName_SpecialChar_Validation" time="0.181"/>
  <testcase classname="testCases.EditNDeleteGate_Testcases" name="Verify_editGateContactName_SpecialChar_Validation" time="0.162"/>
  <testcase classname="testCases.EditNDeleteGate_Testcases" name="Verify_Invalid_editGateContactEmail_Validation" time="0.200"/>
  <testcase classname="testCases.EditNDeleteGate_Testcases" name="Verify_nonNumericContactNumber_Validation_inEditGatepage" time="0.167"/>
  <testcase classname="testCases.EditNDeleteGate_Testcases" name="Verify_GateContactNumber_LessThanTen_Validation_inEditGatepage" time="0.198"/>
  <testcase classname="testCases.EditNDeleteGate_Testcases" name="Verify_Edit_Gate_with_ContinuousSequenceOfTenSameNumbers" time="0.226"/>
  <testcase classname="testCases.EditNDeleteGate_Testcases" name="Verify_CreateGateFunctionalityWithExistingGateContactEmail" time="4.750"/>
  <testcase classname="testCases.EditNDeleteGate_Testcases" name="UpdateGate_with_validInputValues" time="4.811"/>
  <testcase classname="testCases.EditNDeleteGate_Testcases" name="Delete_ParkAdmin" time="2.562"/>
</testsuite> <!-- testCases.EditNDeleteGate_Testcases -->
