<?xml version="1.0" encoding="UTF-8"?>
<!-- Generated by org.testng.reporters.JUnitReportReporter -->
<testsuite hostname="DESKTOP-1B3TCVF" failures="0" tests="4" name="testCases.CreateBulkPass" time="20.413" errors="0" timestamp="2025-07-08T14:39:15 IST" skipped="0">
  <testcase classname="testCases.CreateBulkPass" name="login" time="5.988"/>
  <testcase classname="testCases.CreateBulkPass" name="createPassButtonClick" time="1.510"/>
  <testcase classname="testCases.CreateBulkPass" name="bulkEpass" time="8.451"/>
  <testcase classname="testCases.CreateBulkPass" name="uploadAndCreatePass" time="4.464"/>
</testsuite> <!-- testCases.CreateBulkPass -->
