<?xml version="1.0" encoding="UTF-8"?>
<!-- Generated by org.testng.reporters.JUnitReportReporter -->
<testsuite hostname="DESKTOP-221H5FN" failures="0" tests="6" name="testCases.ForgotPassword_Testcases" time="4.692" errors="0" timestamp="2025-08-13T14:27:52 IST" skipped="0">
  <testcase classname="testCases.ForgotPassword_Testcases" name="forgotpassword_redirection" time="0.112"/>
  <testcase classname="testCases.ForgotPassword_Testcases" name="email_Id_required_validation" time="0.346"/>
  <testcase classname="testCases.ForgotPassword_Testcases" name="email_Id_validation" time="0.285"/>
  <testcase classname="testCases.ForgotPassword_Testcases" name="forgotpassword_notregisteredemail" time="0.583"/>
  <testcase classname="testCases.ForgotPassword_Testcases" name="forgotpassword_submit" time="3.216"/>
  <testcase classname="testCases.ForgotPassword_Testcases" name="forgotpassword_backtologin" time="0.150"/>
</testsuite> <!-- testCases.ForgotPassword_Testcases -->
