<?xml version="1.0" encoding="UTF-8"?>
<!-- Generated by org.testng.reporters.JUnitReportReporter -->
<testsuite hostname="DESKTOP-221H5FN" failures="0" tests="18" name="testCases.CreateGatePage_Testcases" time="39.149" errors="0" timestamp="2025-08-13T14:27:52 IST" skipped="0">
  <testcase classname="testCases.CreateGatePage_Testcases" name="navigateToCreateGatePage" time="5.928"/>
  <testcase classname="testCases.CreateGatePage_Testcases" name="Verify_DropdownValue_displayed_in_the_ITPark_dropdown" time="1.264"/>
  <testcase classname="testCases.CreateGatePage_Testcases" name="Verify_DropdownValue_displayed_in_the_Phase_dropdown" time="0.137"/>
  <testcase classname="testCases.CreateGatePage_Testcases" name="Creating_gateName_with_Blank_inputValues" time="5.586"/>
  <testcase classname="testCases.CreateGatePage_Testcases" name="Verify_gateUserName_SpecialChar_Validation" time="0.161"/>
  <testcase classname="testCases.CreateGatePage_Testcases" name="Verify_gatePassword_LessthanEight_Validation" time="0.122"/>
  <testcase classname="testCases.CreateGatePage_Testcases" name="Verify_gateName_SpecialChar_Validation" time="0.129"/>
  <testcase classname="testCases.CreateGatePage_Testcases" name="Verify_gatePassword_Invalid_Validation" time="0.126"/>
  <testcase classname="testCases.CreateGatePage_Testcases" name="Verify_Password_and_ConfirmPassword_not_matching_Validation" time="0.196"/>
  <testcase classname="testCases.CreateGatePage_Testcases" name="Verify_gateContactName_SpecialChar_Validation" time="0.197"/>
  <testcase classname="testCases.CreateGatePage_Testcases" name="Verify_Invalid_gateContactEmail_Validation" time="0.126"/>
  <testcase classname="testCases.CreateGatePage_Testcases" name="Verify_nonNumericContactNumber_Validation" time="0.114"/>
  <testcase classname="testCases.CreateGatePage_Testcases" name="Verify_GateContactNumber_LessThanTen_Validation" time="0.129"/>
  <testcase classname="testCases.CreateGatePage_Testcases" name="Verify_Create_Gate_with_ContinuousSequenceOfTenSameNumbers" time="0.127"/>
  <testcase classname="testCases.CreateGatePage_Testcases" name="Verify_CreateGateFunctionality" time="5.903"/>
  <testcase classname="testCases.CreateGatePage_Testcases" name="Verify_CreateGateFunctionalityWithExistingGateName" time="6.983"/>
  <testcase classname="testCases.CreateGatePage_Testcases" name="Verify_CreateGateFunctionalityWithExistingGateUsername" time="6.003"/>
  <testcase classname="testCases.CreateGatePage_Testcases" name="Verify_CreateGateFunctionalityWithExistingGateContactEmail" time="5.918"/>
</testsuite> <!-- testCases.CreateGatePage_Testcases -->
