<?xml version="1.0" encoding="UTF-8"?>
<!-- Generated by org.testng.reporters.JUnitReportReporter -->
<testsuite hostname="DESKTOP-D9ML0T2" failures="0" tests="5" name="testCases.ForgotPasswordPage_Testcases" time="87.831" errors="0" timestamp="2024-10-11T14:56:41 IST" skipped="0">
  <testcase classname="testCases.ForgotPasswordPage_Testcases" name="check_for_valid_email" time="18.300"/>
  <system-out/>
  <testcase classname="testCases.ForgotPasswordPage_Testcases" name="check_for_notRegisteredEmail" time="19.441"/>
  <system-out/>
  <testcase classname="testCases.ForgotPasswordPage_Testcases" name="check_for_blankEmailField" time="13.762"/>
  <system-out/>
  <testcase classname="testCases.ForgotPasswordPage_Testcases" name="check_for_invalidEmail" time="17.879"/>
  <system-out/>
  <testcase classname="testCases.ForgotPasswordPage_Testcases" name="check_for_back_to_Login_redirection" time="18.449"/>
  <system-out/>
</testsuite> <!-- testCases.ForgotPasswordPage_Testcases -->
