<?xml version="1.0" encoding="UTF-8"?>
<!-- Generated by org.testng.reporters.JUnitReportReporter -->
<testsuite hostname="DESKTOP-221H5FN" failures="0" tests="10" name="testCases.ChangePasswordPageForParkAdmin_Testcases" time="21.910" errors="0" timestamp="2025-08-13T14:27:52 IST" skipped="0">
  <testcase classname="testCases.ChangePasswordPageForParkAdmin_Testcases" name="parkAdminlogin_for_the_firstTime" time="4.536"/>
  <testcase classname="testCases.ChangePasswordPageForParkAdmin_Testcases" name="ClickTo_BackToLogin_button" time="0.210"/>
  <testcase classname="testCases.ChangePasswordPageForParkAdmin_Testcases" name="submit_password_with_blankvalues" time="4.771"/>
  <testcase classname="testCases.ChangePasswordPageForParkAdmin_Testcases" name="submit_password_with_invalidFormat" time="0.286"/>
  <testcase classname="testCases.ChangePasswordPageForParkAdmin_Testcases" name="submit_password_with_lessThanEightCharacters" time="0.185"/>
  <testcase classname="testCases.ChangePasswordPageForParkAdmin_Testcases" name="submit_password_with_notMatchingValues" time="0.284"/>
  <testcase classname="testCases.ChangePasswordPageForParkAdmin_Testcases" name="submit_password_with_incorrectCurrentPassword" time="1.117"/>
  <testcase classname="testCases.ChangePasswordPageForParkAdmin_Testcases" name="submit_password_with_NewPasswordSameAsOldPassword" time="1.050"/>
  <testcase classname="testCases.ChangePasswordPageForParkAdmin_Testcases" name="submit_password_with_validValues" time="1.835"/>
  <testcase classname="testCases.ChangePasswordPageForParkAdmin_Testcases" name="parkAdminLoginWithNewPassword" time="7.636"/>
</testsuite> <!-- testCases.ChangePasswordPageForParkAdmin_Testcases -->
