<?xml version="1.0" encoding="UTF-8"?>
<!-- Generated by org.testng.reporters.JUnitReportReporter -->
<testsuite hostname="DESKTOP-221H5FN" failures="0" tests="10" name="testCases.ViewPark_Testcases" time="11.639" errors="0" timestamp="2025-08-13T14:27:52 IST" skipped="0">
  <testcase classname="testCases.ViewPark_Testcases" name="loginToEpass" time="4.564"/>
  <testcase classname="testCases.ViewPark_Testcases" name="VerifyViewAllParkClick" time="5.160"/>
  <testcase classname="testCases.ViewPark_Testcases" name="verifyPhaseAddressLines" time="0.079"/>
  <testcase classname="testCases.ViewPark_Testcases" name="calculateTotalPassesIssuedFromDetailedScreen" time="0.599"/>
  <testcase classname="testCases.ViewPark_Testcases" name="calculateVisitedPassesSumFromDetailedScreen" time="1.002"/>
  <testcase classname="testCases.ViewPark_Testcases" name="verifySelectparkFromView" time="0.028"/>
  <testcase classname="testCases.ViewPark_Testcases" name="verifyProfileIconFoundInDetailPage" time="0.050"/>
  <testcase classname="testCases.ViewPark_Testcases" name="parkAdmin" time="0.067"/>
  <testcase classname="testCases.ViewPark_Testcases" name="parkPhase" time="0.053"/>
  <testcase classname="testCases.ViewPark_Testcases" name="visitedPhase" time="0.037"/>
</testsuite> <!-- testCases.ViewPark_Testcases -->
